<?xml version="1.0" encoding="UTF-8"?>
<testng-results ignored="0" total="1" passed="1" failed="0" skipped="0">
  <reporter-output>
  </reporter-output>
  <suite started-at="2024-05-23T11:58:13 IST" name="Default suite" finished-at="2024-05-23T11:59:03 IST" duration-ms="50132">
    <groups>
    </groups>
    <test started-at="2024-05-23T11:58:13 IST" name="Default test" finished-at="2024-05-23T11:59:03 IST" duration-ms="50132">
      <class name="com.test.Test1">
        <test-method is-config="true" signature="setup()[pri:0, instance:com.test.Test1@10e31a9a]" started-at="2024-05-23T11:58:13 IST" name="setup" finished-at="2024-05-23T11:58:18 IST" duration-ms="4249" status="PASS">
          <reporter-output>
          </reporter-output>
        </test-method> <!-- setup -->
        <test-method signature="main1()[pri:0, instance:com.test.Test1@10e31a9a]" started-at="2024-05-23T11:58:18 IST" name="main1" finished-at="2024-05-23T11:59:03 IST" duration-ms="45645" status="PASS">
          <reporter-output>
          </reporter-output>
        </test-method> <!-- main1 -->
        <test-method is-config="true" signature="tearDown()[pri:0, instance:com.test.Test1@10e31a9a]" started-at="2024-05-23T11:59:03 IST" name="tearDown" finished-at="2024-05-23T11:59:03 IST" duration-ms="192" status="PASS">
          <reporter-output>
          </reporter-output>
        </test-method> <!-- tearDown -->
      </class> <!-- com.test.Test1 -->
    </test> <!-- Default test -->
  </suite> <!-- Default suite -->
</testng-results>
